============================= test session starts ==============================
platform linux -- Python 3.13.11, pytest-9.0.2, pluggy-1.6.0 -- /home/kamau/bsopt/.venv/bin/python3
cachedir: .pytest_cache
benchmark: 5.2.3 (defaults: timer=time.perf_counter disable_gc=False min_rounds=5 min_time=0.000005 max_time=1.0 calibration_precision=10 warmup=False warmup_iterations=100000)
rootdir: /home/kamau/bsopt
configfile: pytest.ini (WARNING: ignoring pytest config in pyproject.toml!)
plugins: anyio-4.12.0, asyncio-1.3.0, mock-3.15.1, docker-3.2.5, Faker-40.1.2, timeout-2.4.0, benchmark-5.2.3, locust-2.43.1, xdist-3.8.0, cov-7.0.0
asyncio: mode=Mode.STRICT, debug=False, asyncio_default_fixture_loop_scope=None, asyncio_default_test_loop_scope=function
collecting ... collected 76 items

tests/aiops/test_aiops_orchestrator.py::TestAIOpsOrchestrator::test_detect_anomalies_data_drift_enabled PASSED [  1%]
tests/aiops/test_aiops_orchestrator.py::TestAIOpsOrchestrator::test_detect_anomalies_data_drift_insufficient_data PASSED [  2%]
tests/aiops/test_aiops_orchestrator.py::TestAIOpsOrchestrator::test_detect_anomalies_high_error_rate_and_latency PASSED [  3%]
tests/aiops/test_aiops_orchestrator.py::TestAIOpsOrchestrator::test_detect_anomalies_ml_multivariate_enabled PASSED [  5%]
tests/aiops/test_aiops_orchestrator.py::TestAIOpsOrchestrator::test_detect_anomalies_ml_univariate_enabled PASSED [  6%]
tests/aiops/test_aiops_orchestrator.py::TestAIOpsOrchestrator::test_detect_anomalies_no_anomalies PASSED [  7%]
tests/aiops/test_aiops_orchestrator.py::TestAIOpsOrchestrator::test_init_all_detectors_enabled PASSED [  9%]
tests/aiops/test_aiops_orchestrator.py::TestAIOpsOrchestrator::test_init_autoencoder_disabled PASSED [ 10%]
tests/aiops/test_aiops_orchestrator_remediation.py::TestAIOpsOrchestratorRemediation::test_remediate_data_drift PASSED [ 11%]
tests/aiops/test_aiops_orchestrator_remediation.py::TestAIOpsOrchestratorRemediation::test_remediate_high_error_rate PASSED [ 13%]
tests/aiops/test_aiops_orchestrator_remediation.py::TestAIOpsOrchestratorRemediation::test_remediate_high_latency PASSED [ 14%]
tests/aiops/test_aiops_orchestrator_remediation.py::TestAIOpsOrchestratorRemediation::test_remediate_multivariate_anomaly PASSED [ 15%]
tests/aiops/test_aiops_orchestrator_remediation.py::TestAIOpsOrchestratorRemediation::test_remediate_univariate_anomaly PASSED [ 17%]
tests/aiops/test_aiops_orchestrator_remediation.py::TestAIOpsOrchestratorRemediation::test_run_loop_exception_handling PASSED [ 18%]
tests/aiops/test_aiops_orchestrator_remediation.py::TestAIOpsOrchestratorRemediation::test_run_loop_with_anomalies PASSED [ 19%]
tests/aiops/test_autoencoder_detector.py::TestAutoencoderDetector::test_anomaly_detection PASSED [ 21%]
tests/aiops/test_autoencoder_detector.py::TestAutoencoderDetector::test_fit_empty_data_raises_error PASSED [ 22%]
tests/aiops/test_autoencoder_detector.py::TestAutoencoderDetector::test_fit_predict PASSED [ 23%]
tests/aiops/test_autoencoder_detector.py::TestAutoencoderDetector::test_fit_predict_convenience_method PASSED [ 25%]
tests/aiops/test_autoencoder_detector.py::TestAutoencoderDetector::test_init PASSED [ 26%]
tests/aiops/test_autoencoder_detector.py::TestAutoencoderDetector::test_predict_not_fitted_raises_error PASSED [ 27%]
tests/aiops/test_autoencoder_detector.py::TestAutoencoderDetector::test_verbose_logging PASSED [ 28%]
tests/aiops/test_data_drift_detector.py::TestDataDriftDetector::test_detect_drift_empty_data PASSED [ 30%]
tests/aiops/test_data_drift_detector.py::TestDataDriftDetector::test_detect_drift_mismatched_dimensions PASSED [ 31%]
tests/aiops/test_data_drift_detector.py::TestDataDriftDetector::test_detect_drift_multivariate PASSED [ 32%]
tests/aiops/test_data_drift_detector.py::TestDataDriftDetector::test_detect_drift_multivariate_ks_drift PASSED [ 34%]
tests/aiops/test_data_drift_detector.py::TestDataDriftDetector::test_detect_drift_univariate_ks_drift PASSED [ 35%]
tests/aiops/test_data_drift_detector.py::TestDataDriftDetector::test_detect_drift_univariate_no_drift PASSED [ 36%]
tests/aiops/test_data_drift_detector.py::TestDataDriftDetector::test_detect_drift_univariate_psi_drift PASSED [ 38%]
tests/aiops/test_data_drift_detector.py::TestDataDriftDetector::test_init PASSED [ 39%]
tests/aiops/test_docker_remediator.py::test_docker_remediator_init PASSED [ 40%]
tests/aiops/test_docker_remediator.py::test_docker_remediator_restart_service_success PASSED [ 42%]
tests/aiops/test_docker_remediator.py::test_docker_remediator_restart_service_not_found PASSED [ 43%]
tests/aiops/test_docker_remediator.py::test_docker_remediator_restart_service_failure PASSED [ 44%]
tests/aiops/test_docker_remediator.py::test_docker_remediator_restart_action_failure PASSED [ 46%]
tests/aiops/test_docker_remediator.py::test_docker_remediator_restart_service_empty_name_raises_error PASSED [ 47%]
tests/aiops/test_docker_remediator.py::test_docker_remediator_init_failure PASSED [ 48%]
tests/aiops/test_isolation_forest_detector.py::TestIsolationForestDetector::test_fit_predict_1d PASSED [ 50%]
tests/aiops/test_isolation_forest_detector.py::TestIsolationForestDetector::test_fit_predict_2d PASSED [ 51%]
tests/aiops/test_isolation_forest_detector.py::TestIsolationForestDetector::test_fit_predict_empty_data PASSED [ 52%]
tests/aiops/test_isolation_forest_detector.py::TestIsolationForestDetector::test_init_invalid_contamination PASSED [ 53%]
tests/aiops/test_isolation_forest_detector.py::TestIsolationForestDetector::test_predict_1d_reshape PASSED [ 55%]
tests/aiops/test_isolation_forest_detector.py::TestIsolationForestDetector::test_predict_not_fitted PASSED [ 56%]
tests/aiops/test_isolation_forest_detector.py::TestIsolationForestDetector::test_predict_success PASSED [ 57%]
tests/aiops/test_ml_pipeline_trigger.py::test_ml_pipeline_trigger_init PASSED [ 59%]
tests/aiops/test_ml_pipeline_trigger.py::test_ml_pipeline_trigger_success PASSED [ 60%]
tests/aiops/test_ml_pipeline_trigger.py::test_ml_pipeline_trigger_failure PASSED [ 61%]
tests/aiops/test_ml_pipeline_trigger.py::test_ml_pipeline_trigger_missing_config_raises_error PASSED [ 63%]
tests/aiops/test_prometheus_adapter.py::test_prometheus_client_class_exists PASSED [ 64%]
tests/aiops/test_prometheus_adapter.py::test_prometheus_client_init PASSED [ 65%]
tests/aiops/test_prometheus_adapter.py::test_check_connectivity_success PASSED [ 67%]
tests/aiops/test_prometheus_adapter.py::test_check_connectivity_failure PASSED [ 68%]
tests/aiops/test_prometheus_adapter.py::test_get_5xx_error_rate_success PASSED [ 69%]
tests/aiops/test_prometheus_adapter.py::test_get_5xx_error_rate_empty_service PASSED [ 71%]
tests/aiops/test_prometheus_adapter.py::test_get_5xx_error_rate_query_failure PASSED [ 72%]
tests/aiops/test_prometheus_adapter.py::test_get_5xx_error_rate_empty_result PASSED [ 73%]
tests/aiops/test_prometheus_adapter.py::test_get_p95_latency_success PASSED [ 75%]
tests/aiops/test_prometheus_adapter.py::test_get_p95_latency_empty_service PASSED [ 76%]
tests/aiops/test_prometheus_adapter.py::test_get_p95_latency_query_failure PASSED [ 77%]
tests/aiops/test_prometheus_adapter.py::test_get_p95_latency_empty_result PASSED [ 78%]
tests/aiops/test_redis_remediator.py::test_redis_remediator_init PASSED  [ 80%]
tests/aiops/test_redis_remediator.py::test_redis_remediator_purge_cache_success PASSED [ 81%]
tests/aiops/test_redis_remediator.py::test_redis_remediator_purge_cache_no_keys_found PASSED [ 82%]
tests/aiops/test_redis_remediator.py::test_redis_remediator_purge_cache_failure PASSED [ 84%]
tests/aiops/test_redis_remediator.py::test_redis_remediator_purge_cache_empty_pattern_raises_error PASSED [ 85%]
tests/aiops/test_redis_remediator.py::test_redis_remediator_init_failure PASSED [ 86%]
tests/aiops/test_self_healing_orchestrator.py::test_self_healing_cycle_no_anomalies PASSED [ 88%]
tests/aiops/test_self_healing_orchestrator.py::test_self_healing_cycle_remediation PASSED [ 89%]
tests/aiops/test_self_healing_orchestrator.py::test_self_healing_cycle_exception PASSED [ 90%]
tests/aiops/test_self_healing_orchestrator.py::test_self_healing_start_loop PASSED [ 92%]
tests/aiops/test_self_healing_orchestrator.py::test_self_healing_loop_control PASSED [ 93%]
tests/aiops/test_timeseries_anomaly_detector.py::test_anomaly_detector_training PASSED [ 94%]
tests/aiops/test_timeseries_anomaly_detector.py::test_anomaly_detector_detection PASSED [ 96%]
tests/aiops/test_timeseries_anomaly_detector.py::test_anomaly_detector_unfitted_error PASSED [ 97%]
tests/aiops/test_timeseries_anomaly_detector.py::test_anomaly_detector_training_empty_data PASSED [ 98%]
tests/aiops/test_timeseries_anomaly_detector.py::test_anomaly_detector_detection_empty_data PASSED [100%]
ERROR: Coverage failure: total of 30 is less than fail-under=90


================================ tests coverage ================================
_______________ coverage: platform linux, python 3.13.11-final-0 _______________

Name                                            Stmts   Miss  Cover   Missing
-----------------------------------------------------------------------------
src/__init__.py                                     1      0   100%
src/aiops/__init__.py                               0      0   100%
src/aiops/aiops_orchestrator.py                   113      3    97%   179-205
src/aiops/autoencoder_detector.py                  63      0   100%
src/aiops/data_drift_detector.py                   68      0   100%
src/aiops/docker_remediator.py                     26      0   100%
src/aiops/isolation_forest_detector.py             21      0   100%
src/aiops/ml_pipeline_trigger.py                   19      0   100%
src/aiops/prometheus_adapter.py                    38      0   100%
src/aiops/redis_remediator.py                      30      0   100%
src/aiops/self_healing_orchestrator.py             34      0   100%
src/aiops/timeseries_anomaly_detector.py           33      0   100%
src/api/__init__.py                                 0      0   100%
src/api/exceptions/__init__.py                      1      0   100%
src/api/exceptions/exceptions.py                   41      5    88%   11-22
src/api/graphql/schema.py                          38      8    79%   24-25, 42-43, 55-56, 71-72
src/api/main.py                                   111     40    64%   26-46, 51, 92-94, 119-138, 142, 147, 152, 157-158, 170, 181
src/api/middleware/__init__.py                      4      0   100%
src/api/middleware/idempotency.py                  76     76     0%   1-138
src/api/middleware/logging.py                     177    140    21%   88-93, 97-103, 107-113, 117-119, 124-135, 139-151, 155, 159, 162-283, 288-322, 334-335, 339, 343-350, 353-354, 357-358, 361-362, 365-366, 369-370, 373-376
src/api/middleware/profiling.py                    24     24     0%   5-46
src/api/middleware/request_id.py                   21     11    48%   37-39, 43-57, 62
src/api/middleware/security.py                    221    174    21%   64-72, 76, 89, 104-110, 114-121, 125, 128-169, 214-220, 224, 228-229, 233-245, 249-260, 264-285, 289-342, 362-367, 372-383, 388-400, 404-419, 425, 428-437, 469-472, 476-477, 481-484, 489-495, 498-517
src/api/providers/__init__.py                       1      1     0%   1
src/api/providers/market_data.py                   15     15     0%   1-21
src/api/routes/__init__.py                          7      0   100%
src/api/routes/auth.py                            213    167    22%   146-209, 237-244, 278-337, 362-379, 403-444, 470-494, 514-542, 562-587, 610-630, 654-677, 695-719, 730-734, 739, 749
src/api/routes/debug.py                            17      8    53%   22-40
src/api/routes/ml.py                               37     24    35%   34-70
src/api/routes/pricing.py                         134    103    23%   58, 89-185, 213-250, 275-295, 323-339, 364-409
src/api/routes/system.py                            6      1    83%   9
src/api/routes/users.py                            99     58    41%   56-57, 76-77, 94-110, 128-135, 152, 183-205, 217, 231-240, 250-253, 268-275
src/api/routes/websocket.py                        22     14    36%   23-47
src/api/schemas/__init__.py                         5      0   100%
src/api/schemas/auth.py                           133     45    66%   76-96, 102-104, 110-112, 187-204, 210-212, 236-238, 244-246, 279-282
src/api/schemas/common.py                          47      0   100%
src/api/schemas/ml.py                              19      0   100%
src/api/schemas/pricing.py                        105      3    97%   34-36
src/api/schemas/user.py                            43      0   100%
src/api/websockets/codec.py                        33     18    45%   16-27, 31-38
src/api/websockets/manager.py                      77     44    43%   29, 47-61, 65-76, 83-114
src/audit/__init__.py                               0      0   100%
src/audit/middleware.py                            29     20    31%   10-12, 15-55
src/auth/__init__.py                                0      0   100%
src/auth/security.py                               48     28    42%   24-30, 33-67, 76-83
src/blockchain/__init__.py                          9      9     0%   5-25
src/blockchain/defi_options.py                     38     38     0%   1-95
src/cli/__init__.py                                 0      0   100%
src/cli/auth.py                                    75     75     0%   9-117
src/cli/config.py                                  53     53     0%   8-89
src/cli/portfolio.py                               75     75     0%   8-148
src/config.py                                     151     43    72%   148, 152, 161, 169, 177, 185, 193, 202-203, 208, 213, 218, 223, 248-268, 278-291, 302-311
src/data/__init__.py                                0      0   100%
src/data/pipeline.py                               33     33     0%   1-58
src/data/router.py                                 57     57     0%   1-84
src/data/validation.py                             16     16     0%   1-23
src/database/__init__.py                          110     78    29%   37-71, 81, 87-96, 105, 122-129, 143-154, 172-175, 180-183, 198-202, 220-229, 237-240, 253-260, 267-274
src/database/crud.py                              167    167     0%   11-668
src/database/models.py                            282     31    89%   81, 115, 158-160, 163, 189, 230, 234-235, 238, 289, 293, 296-299, 302, 374, 420, 454-457, 460, 483, 523, 567, 610, 638, 677
src/database/verify.py                             40     40     0%   1-61
src/ml/__init__.py                                 17      6    65%   58, 65, 75-78, 82, 89
src/ml/autonomous_pipeline.py                      85     72    15%   25-41, 47-159, 162-190
src/ml/celery_app.py                               21     21     0%   1-50
src/ml/data_loader.py                              26     26     0%   1-55
src/ml/drift.py                                    55     42    24%   17-19, 23, 30-49, 62-74, 90-127
src/ml/forecasting/__init__.py                      0      0   100%
src/ml/forecasting/tft_model.py                    53     53     0%   1-135
src/ml/main.py                                     12     12     0%   1-16
src/ml/registry/__init__.py                         0      0   100%
src/ml/registry/promote.py                         21     21     0%   5-43
src/ml/reinforcement_learning/__init__.py           0      0   100%
src/ml/reinforcement_learning/online_agent.py     131    131     0%   1-241
src/ml/reinforcement_learning/trading_env.py       88     88     0%   1-185
src/ml/reinforcement_learning/train.py             78     78     0%   1-168
src/ml/rl/__init__.py                               0      0   100%
src/ml/rl/augmented_agent.py                       64     64     0%   1-131
src/ml/scraper.py                                 118    106    10%   12-15, 19-23, 27-29, 33-155
src/ml/trainer.py                                 160    115    28%   30, 33, 37, 41, 45-49, 52-54, 57, 60-67, 71-75, 78, 81, 84-85, 90-91, 98, 101-118, 121-125, 128, 137-144, 152, 156-167, 174-227, 233-241
src/pricing/__init__.py                            15      5    67%   47, 50, 54-60, 64
src/pricing/base.py                                27     10    63%   23, 28, 46, 51, 61, 65-71
src/pricing/black_scholes.py                      126    101    20%   10-22, 26, 30, 33-58, 66-67, 71-72, 76-105, 116, 131-165, 180-219, 229-237, 241-243
src/pricing/calibration/__init__.py                 0      0   100%
src/pricing/calibration/engine.py                 102    102     0%   1-179
src/pricing/calibration/svi_surface.py             38     38     0%   1-55
src/pricing/exotic.py                             178    136    24%   35-38, 48-73, 82-137, 147-189, 196-198, 202-219, 225-258, 264-275, 279-290, 299-318, 325-363
src/pricing/factory.py                             16      4    75%   44-48
src/pricing/finite_difference.py                  147    128    13%   33-36, 40-56, 60-70, 74-76, 82-113, 117-190, 196-203, 210-304, 309-316, 320
src/pricing/implied_vol.py                         91     79    13%   26-31, 46-64, 80-121, 135-153, 170-199, 216-275
src/pricing/lattice.py                            154    124    19%   37-82, 90-134, 141-157, 168-169, 173, 189-285, 289-296, 305-306, 310, 326-422
src/pricing/main.py                                12     12     0%   1-16
src/pricing/models/__init__.py                     34     13    62%   19-31, 46
src/pricing/models/heston_fft.py                  108     83    23%   21-28, 44-47, 51-54, 62-93, 99-145, 149-172
src/pricing/monte_carlo.py                        135    111    18%   18-30, 39-40, 44-45, 52, 59-104, 111-117, 123-178, 184-194, 201-222
src/pricing/quant_utils.py                         87     71    18%   20, 28, 44-67, 75-78, 92-120, 134-187
src/pricing/quantum_backend.py                     37     37     0%   1-58
src/pricing/quantum_pricing.py                    125    125     0%   1-262
src/pricing/vectorized_black_scholes.py            18     18     0%   6-81
src/pricing/vol_surface.py                        201    201     0%   8-376
src/protos/__init__.py                              1      1     0%   5
src/protos/market_data_pb2.py                      42     42     0%   7-62
src/protos/market_data_pb2_grpc.py                 12     12     0%   3-18
src/scrapers/__init__.py                            0      0   100%
src/scrapers/engine.py                             48     48     0%   1-83
src/security/__init__.py                            3      0   100%
src/security/audit.py                              54     23    57%   77-121
src/security/auth.py                              202    129    36%   74, 78-84, 88-90, 94-96, 110-112, 124, 128, 132, 146-162, 170-182, 191-194, 202-227, 237-252, 256-261, 271-306, 311, 319, 331-370, 377-382, 390-397, 404-409, 416, 425-450, 474-519
src/security/breach_notification.py                36     36     0%   8-108
src/security/mfa.py                                21     21     0%   8-42
src/security/password.py                          123     78    37%   80-144, 180, 193-198, 212, 227, 243-249, 272-299, 309, 319
src/security/rate_limit.py                         39     32    18%   12-70
src/services/email_service.py                      52     32    38%   36-37, 48-70, 83-106
src/shared/__init__.py                              0      0   100%
src/shared/db.py                                   29      8    72%   33-35, 42, 51-52, 56, 60
src/shared/observability.py                        68     43    37%   13, 27-51, 72-80, 87-118
src/shared/security.py                             52     36    31%   14, 20-43, 51, 59-71, 77-79, 90-96, 103-105
src/streaming/__init__.py                          11     11     0%   1-36
src/streaming/analytics.py                         29     29     0%   1-75
src/streaming/consumer.py                          62     62     0%   1-122
src/streaming/health.py                            36     36     0%   4-49
src/streaming/kafka_consumer.py                    51     51     0%   1-110
src/streaming/kafka_producer.py                    27     27     0%   1-93
src/streaming/main.py                              26     26     0%   1-46
src/streaming/mesh_producer.py                     33     33     0%   1-77
src/streaming/producer.py                          30     30     0%   1-94
src/tasks/__init__.py                               2      0   100%
src/tasks/audit_tasks.py                           21     21     0%   1-46
src/tasks/celery_app.py                            94     25    73%   273, 279, 285, 291, 297, 311-313, 327-333, 342-353, 375, 408, 426, 442
src/tasks/data_tasks.py                           105    105     0%   12-377
src/tasks/email_tasks.py                           35     23    34%   35-71, 79-85
src/tasks/graceful_shutdown.py                     34     34     0%   1-54
src/tasks/ml_tasks.py                              30     30     0%   7-78
src/tasks/pricing_tasks.py                        136    136     0%   13-424
src/tasks/trading_tasks.py                         40     40     0%   7-106
src/utils/__init__.py                               0      0   100%
src/utils/cache.py                                196    144    27%   22-25, 64-86, 91-95, 99, 103-112, 119-130, 135-144, 148-160, 166-175, 185-206, 214-239, 250-257, 266-274, 277-287, 299-306, 311-315
src/utils/circuit_breaker.py                      132     83    37%   40-60, 64-80, 85-89, 106-109, 112-113, 116, 119-120, 123, 126, 129-130, 133, 136-174
src/utils/dashboard.py                             15     15     0%   1-115
src/utils/errors.py                                23     23     0%   5-46
src/utils/lazy_import.py                           84     56    33%   39-41, 46-59, 70-141, 147, 174-195
src/utils/sanitization.py                          22     17    23%   8-17, 23-25, 32-42
src/utils/schemas_pb2.py                           17     17     0%   7-33
src/workers/__init__.py                             0      0   100%
src/workers/math_worker.py                         94     94     0%   1-183
src/workers/webhook_worker.py                      40     40     0%   1-69
-----------------------------------------------------------------------------
TOTAL                                            8143   5727    30%
Coverage HTML written to dir htmlcov
Coverage XML written to file coverage.xml
FAIL Required test coverage of 90% not reached. Total coverage: 29.67%
============================= slowest 10 durations =============================
2.27s call     tests/aiops/test_autoencoder_detector.py::TestAutoencoderDetector::test_anomaly_detection
1.93s setup    tests/aiops/test_aiops_orchestrator.py::TestAIOpsOrchestrator::test_detect_anomalies_data_drift_enabled
0.32s call     tests/aiops/test_isolation_forest_detector.py::TestIsolationForestDetector::test_fit_predict_1d
0.31s call     tests/aiops/test_isolation_forest_detector.py::TestIsolationForestDetector::test_predict_success
0.31s call     tests/aiops/test_timeseries_anomaly_detector.py::test_anomaly_detector_detection
0.30s call     tests/aiops/test_isolation_forest_detector.py::TestIsolationForestDetector::test_predict_1d_reshape
0.28s call     tests/aiops/test_isolation_forest_detector.py::TestIsolationForestDetector::test_fit_predict_2d
0.27s call     tests/aiops/test_timeseries_anomaly_detector.py::test_anomaly_detector_training
0.25s call     tests/aiops/test_timeseries_anomaly_detector.py::test_anomaly_detector_detection_empty_data
0.03s call     tests/aiops/test_autoencoder_detector.py::TestAutoencoderDetector::test_fit_predict
============================= 76 passed in 19.55s ==============================
