============================= test session starts ==============================
platform linux -- Python 3.13.11, pytest-9.0.2, pluggy-1.6.0 -- /home/kamau/bsopt/.venv/bin/python3
cachedir: .pytest_cache
benchmark: 5.2.3 (defaults: timer=time.perf_counter disable_gc=False min_rounds=5 min_time=0.000005 max_time=1.0 calibration_precision=10 warmup=False warmup_iterations=100000)
rootdir: /home/kamau/bsopt
configfile: pytest.ini (WARNING: ignoring pytest config in pyproject.toml!)
plugins: anyio-4.12.0, asyncio-1.3.0, mock-3.15.1, docker-3.2.5, Faker-40.1.2, timeout-2.4.0, benchmark-5.2.3, locust-2.43.1, xdist-3.8.0, cov-7.0.0
asyncio: mode=Mode.STRICT, debug=False, asyncio_default_fixture_loop_scope=None, asyncio_default_test_loop_scope=function
collecting ... collected 127 items

tests/api/middleware/test_idempotency.py::test_fingerprint_consistency PASSED [  0%]
tests/api/middleware/test_idempotency.py::test_fingerprint_differs_on_body PASSED [  1%]
tests/api/middleware/test_idempotency.py::test_fingerprint_differs_on_path PASSED [  2%]
tests/api/middleware/test_idempotency.py::test_fingerprint_header_insensitivity PASSED [  3%]
tests/api/middleware/test_idempotency_middleware.py::test_idempotency_new_request PASSED [  3%]
tests/api/middleware/test_idempotency_middleware.py::test_idempotency_duplicate_cached PASSED [  4%]
tests/api/middleware/test_idempotency_middleware.py::test_idempotency_conflict_in_progress PASSED [  5%]
tests/api/middleware/test_idempotency_middleware.py::test_idempotency_skip_get PASSED [  6%]
tests/api/middleware/test_idempotency_middleware.py::test_idempotency_error_re_raises PASSED [  7%]
tests/api/middleware/test_idempotency_middleware.py::test_idempotency_not_cached_on_500 PASSED [  7%]
tests/api/middleware/test_idempotency_middleware.py::test_idempotency_streaming_not_cached PASSED [  8%]
tests/api/middleware/test_idempotency_middleware.py::test_generate_fingerprint_logic PASSED [  9%]
tests/api/middleware/test_idempotency_middleware.py::test_idempotency_caching_logic_unmocked_fp PASSED [ 10%]
tests/api/middleware/test_logging.py::TestStructuredLogger::test_critical_log PASSED [ 11%]
tests/api/middleware/test_logging.py::TestStructuredLogger::test_debug_log PASSED [ 11%]
tests/api/middleware/test_logging.py::TestStructuredLogger::test_error_log PASSED [ 12%]
tests/api/middleware/test_logging.py::TestStructuredLogger::test_exception_log PASSED [ 13%]
tests/api/middleware/test_logging.py::TestStructuredLogger::test_info_log PASSED [ 14%]
tests/api/middleware/test_logging.py::TestStructuredLogger::test_set_default_fields PASSED [ 14%]
tests/api/middleware/test_logging.py::TestStructuredLogger::test_warning_log PASSED [ 15%]
tests/api/middleware/test_logging.py::TestRequestLoggingMiddleware::test_redact_headers PASSED [ 16%]
tests/api/middleware/test_logging.py::TestRequestLoggingMiddleware::test_redact_params PASSED [ 17%]
tests/api/middleware/test_logging.py::TestRequestLoggingMiddleware::test_should_reduce_log PASSED [ 18%]
tests/api/middleware/test_logging.py::TestRequestLoggingMiddleware::test_should_skip PASSED [ 18%]
tests/api/middleware/test_logging.py::TestRequestLoggingMiddleware::test_truncate_body PASSED [ 19%]
tests/api/middleware/test_logging.py::TestRequestLoggingMiddlewareIntegration::test_log_error_request PASSED [ 20%]
tests/api/middleware/test_logging.py::TestRequestLoggingMiddlewareIntegration::test_log_request_body PASSED [ 21%]
tests/api/middleware/test_logging.py::TestRequestLoggingMiddlewareIntegration::test_log_successful_request PASSED [ 22%]
tests/api/middleware/test_logging.py::TestRequestLoggingMiddlewareIntegration::test_skip_paths PASSED [ 22%]
tests/api/middleware/test_profiling.py::test_profiling_middleware_normal_request PASSED [ 23%]
tests/api/middleware/test_profiling.py::test_profiling_middleware_slow_request PASSED [ 24%]
tests/api/middleware/test_profiling.py::test_profiling_middleware_with_profile_param PASSED [ 25%]
tests/api/middleware/test_profiling.py::test_profiling_middleware_profile_param_disabled_in_prod PASSED [ 25%]
tests/api/middleware/test_security_middleware.py::TestSecurityMiddleware::test_csrf_middleware_get_token PASSED [ 26%]
tests/api/middleware/test_security_middleware.py::TestSecurityMiddleware::test_csrf_middleware_post_with_token PASSED [ 27%]
tests/api/middleware/test_security_middleware.py::TestSecurityMiddleware::test_csrf_middleware_post_without_token PASSED [ 28%]
tests/api/middleware/test_security_middleware.py::TestSecurityMiddleware::test_input_sanitization_middleware PASSED [ 29%]
tests/api/middleware/test_security_middleware.py::TestSecurityMiddleware::test_ip_block_middleware PASSED [ 29%]
tests/api/middleware/test_security_middleware.py::TestSecurityMiddleware::test_security_headers PASSED [ 30%]
tests/api/providers/test_market_data.py::test_polygon_provider PASSED    [ 31%]
tests/api/providers/test_market_data.py::test_yahoo_provider PASSED      [ 32%]
tests/api/routes/test_auth_complete.py::test_register_flow PASSED        [ 33%]
tests/api/routes/test_auth_complete.py::test_verify_email PASSED         [ 33%]
tests/api/routes/test_auth_complete.py::test_login_flow PASSED           [ 34%]
tests/api/routes/test_auth_complete.py::test_login_mfa PASSED            [ 35%]
tests/api/routes/test_auth_complete.py::test_refresh_token PASSED        [ 36%]
tests/api/routes/test_auth_complete.py::test_logout PASSED               [ 37%]
tests/api/routes/test_auth_routes.py::test_login_success PASSED          [ 37%]
tests/api/routes/test_auth_routes.py::test_register_success PASSED       [ 38%]
tests/api/routes/test_auth_routes.py::test_verify_email_success PASSED   [ 39%]
tests/api/routes/test_auth_routes.py::test_refresh_token_success PASSED  [ 40%]
tests/api/routes/test_debug_routes.py::test_get_tracemalloc_snapshot_not_active PASSED [ 40%]
tests/api/routes/test_debug_routes.py::test_get_tracemalloc_snapshot_success PASSED [ 41%]
tests/api/routes/test_ml_routes.py::test_predict_success PASSED          [ 42%]
tests/api/routes/test_ml_routes.py::test_predict_ml_service_error PASSED [ 43%]
tests/api/routes/test_ml_routes.py::test_predict_connection_error PASSED [ 44%]
tests/api/routes/test_pricing_routes.py::test_calculate_price_black_scholes PASSED [ 44%]
tests/api/routes/test_pricing_routes.py::test_calculate_price_cached PASSED [ 45%]
tests/api/routes/test_pricing_routes.py::test_calculate_price_heston_cached PASSED [ 46%]
tests/api/routes/test_pricing_routes.py::test_calculate_price_heston_missing_symbol PASSED [ 47%]
tests/api/routes/test_pricing_routes.py::test_calculate_batch_prices PASSED [ 48%]
tests/api/routes/test_pricing_routes.py::test_calculate_greeks PASSED    [ 48%]
tests/api/routes/test_pricing_routes.py::test_calculate_iv PASSED        [ 49%]
tests/api/routes/test_pricing_routes.py::test_calculate_exotic_price_barrier PASSED [ 50%]
tests/api/routes/test_pricing_routes.py::test_calculate_exotic_price_invalid_barrier_type PASSED [ 51%]
tests/api/routes/test_pricing_routes.py::test_calculate_price_error_handling PASSED [ 51%]
tests/api/routes/test_pricing_routes.py::test_calculate_exotic_price_asian PASSED [ 52%]
tests/api/routes/test_pricing_routes.py::test_calculate_exotic_price_lookback PASSED [ 53%]
tests/api/routes/test_pricing_routes.py::test_calculate_exotic_price_digital PASSED [ 54%]
tests/api/routes/test_pricing_routes.py::test_calculate_price_heston_stale PASSED [ 55%]
tests/api/routes/test_pricing_routes.py::test_calculate_greeks_cached PASSED [ 55%]
tests/api/routes/test_system_routes.py::test_get_system_status PASSED    [ 56%]
tests/api/routes/test_user_routes.py::test_get_me PASSED                 [ 57%]
tests/api/routes/test_user_routes.py::test_update_me PASSED              [ 58%]
tests/api/routes/test_user_routes.py::test_update_me_email_conflict PASSED [ 59%]
tests/api/routes/test_user_routes.py::test_get_user_stats PASSED         [ 59%]
tests/api/routes/test_user_routes.py::test_list_api_keys PASSED          [ 60%]
tests/api/routes/test_user_routes.py::test_create_api_key PASSED         [ 61%]
tests/api/routes/test_user_routes.py::test_revoke_api_key PASSED         [ 62%]
tests/api/routes/test_user_routes.py::test_delete_me PASSED              [ 62%]
tests/api/routes/test_user_routes.py::test_enterprise_get_user PASSED    [ 63%]
tests/api/routes/test_user_routes.py::test_enterprise_list_users PASSED  [ 64%]
tests/api/routes/test_websocket_routes.py::test_market_data_ws_connection PASSED [ 65%]
tests/api/routes/test_websocket_routes.py::test_market_data_ws_protocols PASSED [ 66%]
tests/api/routes/test_websocket_routes.py::test_market_data_ws_exception_handling PASSED [ 66%]
tests/api/test_diagnostics_api.py::test_get_import_diagnostics PASSED    [ 67%]
tests/api/test_diagnostics_api.py::test_health_check PASSED              [ 68%]
tests/api/test_graphql_federation.py::test_graphql_query PASSED          [ 69%]
tests/api/test_graphql_federation.py::test_graphql_mutation PASSED       [ 70%]
tests/api/test_main_api.py::test_lifespan_and_startup PASSED             [ 70%]
tests/api/test_main_api.py::test_root_endpoint PASSED                    [ 71%]
tests/api/test_main_api.py::test_admin_only_forbidden PASSED             [ 72%]
tests/api/test_main_api.py::test_admin_only_success PASSED               [ 73%]
tests/api/test_main_api.py::test_http_exception_handler PASSED           [ 74%]
tests/api/test_main_api.py::test_base_api_exception_handler PASSED       [ 74%]
tests/api/test_main_api.py::test_instrument_requests_middleware PASSED   [ 75%]
tests/api/test_main_api.py::test_get_context_testing PASSED              [ 76%]
tests/api/test_main_api.py::test_get_context_production PASSED           [ 77%]
tests/api/test_main_api.py::test_prometheus_dir_creation PASSED          [ 77%]
tests/api/test_main_api.py::test_lifespan_shutdown_flush PASSED          [ 78%]
tests/api/test_system_api.py::test_get_system_status PASSED              [ 79%]
tests/api/test_websocket_manager.py::test_connection_manager_connect PASSED [ 80%]
tests/api/test_websocket_manager.py::test_connection_manager_broadcast PASSED [ 81%]
tests/api/test_websocket_manager.py::test_broadcast_no_connections PASSED [ 81%]
tests/api/test_websocket_manager.py::test_broadcast_unknown_symbol PASSED [ 82%]
tests/api/test_websocket_manager.py::test_connection_manager_disconnect PASSED [ 83%]
tests/api/test_websocket_manager.py::test_disconnect_multiple_clients PASSED [ 84%]
tests/api/test_websocket_manager.py::test_broadcast_with_exception PASSED [ 85%]
tests/api/websockets/test_endpoint.py::test_market_data_ws_protocol_negotiation PASSED [ 85%]
tests/api/websockets/test_endpoint.py::test_market_data_ws_default_protocol PASSED [ 86%]
tests/api/websockets/test_manager.py::test_connect_disconnect PASSED     [ 87%]
tests/api/websockets/test_manager.py::test_broadcast_mixed_protocols PASSED [ 88%]
tests/api/websockets/test_manager.py::test_broadcast_dict_input PASSED   [ 88%]
tests/api/websockets/test_manager.py::test_broadcast_encode_error PASSED [ 89%]
tests/api/websockets/test_manager.py::test_init_redis_connection PASSED  [ 90%]
tests/api/websockets/test_manager.py::test_broadcast_unknown_symbol PASSED [ 91%]
tests/api/websockets/test_manager.py::test_disconnect_unknown PASSED     [ 92%]
tests/api/websockets/test_metadata.py::test_connection_metadata_initialization PASSED [ 92%]
tests/api/websockets/test_metadata.py::test_connection_metadata_update_heartbeat PASSED [ 93%]
tests/api/websockets/test_metadata.py::test_codec_json_serialization PASSED [ 94%]
tests/api/websockets/test_metadata.py::test_codec_proto_to_json_conversion PASSED [ 95%]
tests/api/websockets/test_metadata.py::test_codec_proto_serialization PASSED [ 96%]
tests/api/websockets/test_metadata.py::test_codec_proto_invalid_input PASSED [ 96%]
tests/api/websockets/test_metadata.py::test_codec_proto_decoding_not_implemented PASSED [ 97%]
tests/api/websockets/test_metadata.py::test_codec_msgpack_serialization PASSED [ 98%]
tests/api/websockets/test_metadata.py::test_codec_invalid_protocol PASSED [ 99%]
tests/api/websockets/test_metadata.py::test_codec_decode_invalid_protocol PASSED [100%]
ERROR: Coverage failure: total of 42 is less than fail-under=90


================================ tests coverage ================================
_______________ coverage: platform linux, python 3.13.11-final-0 _______________

Name                                            Stmts   Miss  Cover   Missing
-----------------------------------------------------------------------------
src/__init__.py                                     1      0   100%
src/aiops/__init__.py                               0      0   100%
src/aiops/aiops_orchestrator.py                   113      3    97%   179-205
src/aiops/autoencoder_detector.py                  63      0   100%
src/aiops/data_drift_detector.py                   68      0   100%
src/aiops/docker_remediator.py                     26      0   100%
src/aiops/isolation_forest_detector.py             21      0   100%
src/aiops/ml_pipeline_trigger.py                   19      0   100%
src/aiops/prometheus_adapter.py                    38      0   100%
src/aiops/redis_remediator.py                      30      0   100%
src/aiops/self_healing_orchestrator.py             34      0   100%
src/aiops/timeseries_anomaly_detector.py           33      0   100%
src/api/__init__.py                                 0      0   100%
src/api/exceptions/__init__.py                      1      0   100%
src/api/exceptions/exceptions.py                   41      0   100%
src/api/graphql/schema.py                          38      4    89%   24-25, 55-56
src/api/main.py                                   111      3    97%   132, 134, 136
src/api/middleware/__init__.py                      4      0   100%
src/api/middleware/idempotency.py                  76      0   100%
src/api/middleware/logging.py                     177     35    80%   125, 129, 133, 146-149, 206, 208-209, 212-213, 262, 264-265, 271, 288-322
src/api/middleware/profiling.py                    24      0   100%
src/api/middleware/request_id.py                   21     11    48%   37-39, 43-57, 62
src/api/middleware/security.py                    221     41    81%   109, 119-120, 165, 167, 236, 244-245, 253, 258, 274-285, 295-299, 313-314, 320-321, 375, 383, 393-398, 404-419, 425, 494, 508
src/api/providers/__init__.py                       1      0   100%
src/api/providers/market_data.py                   15      0   100%
src/api/routes/__init__.py                          7      0   100%
src/api/routes/auth.py                            213    110    48%   166, 198-200, 280-284, 298, 320-323, 372-375, 407, 414, 440-444, 470-494, 514-542, 562-587, 610-630, 654-677, 695-719, 730-734, 739, 749
src/api/routes/debug.py                            17      0   100%
src/api/routes/ml.py                               37      6    84%   47-48, 57, 68-70
src/api/routes/pricing.py                         134     21    84%   119, 137-138, 180-181, 224, 244-246, 291-293, 333-337, 383, 405-407
src/api/routes/system.py                            6      0   100%
src/api/routes/users.py                            99     10    90%   130, 185, 196-198, 236-238, 252, 270
src/api/routes/websocket.py                        22      0   100%
src/api/schemas/__init__.py                         5      0   100%
src/api/schemas/auth.py                           133     33    75%   79, 82, 85, 88, 91, 94, 103, 111, 187-204, 210-212, 236-238, 244-246, 279-282
src/api/schemas/common.py                          47      0   100%
src/api/schemas/ml.py                              19      0   100%
src/api/schemas/pricing.py                        105      1    99%   35
src/api/schemas/user.py                            43      0   100%
src/api/services/option_service.py                 36      7    81%   50-68
src/api/services/portfolio_service.py              26     10    62%   7-12, 23-24, 28-29
src/api/websockets/codec.py                        33      0   100%
src/api/websockets/manager.py                      77      0   100%
src/audit/__init__.py                               0      0   100%
src/audit/middleware.py                            29      7    76%   24, 28, 46-53
src/auth/__init__.py                                0      0   100%
src/auth/security.py                               48     22    54%   24-30, 33-67
src/blockchain/__init__.py                          9      9     0%   5-25
src/blockchain/defi_options.py                     38     38     0%   1-95
src/cli/__init__.py                                 0      0   100%
src/cli/auth.py                                    75     75     0%   9-117
src/cli/config.py                                  53     53     0%   8-89
src/cli/portfolio.py                               75     75     0%   8-148
src/config.py                                     151     41    73%   148, 152, 161, 169, 177, 185, 193, 202-203, 208, 218, 248-268, 278-291, 302-311
src/data/__init__.py                                0      0   100%
src/data/pipeline.py                               33     33     0%   1-58
src/data/router.py                                 57     40    30%   25-56, 60-69, 73-84
src/data/validation.py                             16     16     0%   1-23
src/database/__init__.py                          110     78    29%   37-71, 81, 87-96, 105, 122-129, 143-154, 172-175, 180-183, 198-202, 220-229, 237-240, 253-260, 267-274
src/database/crud.py                              167    167     0%   11-668
src/database/models.py                            282     31    89%   81, 115, 158-160, 163, 189, 230, 234-235, 238, 289, 293, 296-299, 302, 374, 420, 454-457, 460, 483, 523, 567, 610, 638, 677
src/database/verify.py                             40     40     0%   1-61
src/ml/__init__.py                                 17      4    76%   58, 65, 82, 89
src/ml/autonomous_pipeline.py                      85     72    15%   25-41, 47-159, 162-190
src/ml/celery_app.py                               21     21     0%   1-50
src/ml/data_loader.py                              26     18    31%   18-36, 43-55
src/ml/drift.py                                    55     42    24%   17-19, 23, 30-49, 62-74, 90-127
src/ml/forecasting/__init__.py                      0      0   100%
src/ml/forecasting/tft_model.py                    53     53     0%   1-135
src/ml/main.py                                     12     12     0%   1-16
src/ml/registry/__init__.py                         0      0   100%
src/ml/registry/promote.py                         21     21     0%   5-43
src/ml/reinforcement_learning/__init__.py           0      0   100%
src/ml/reinforcement_learning/online_agent.py     131    131     0%   1-241
src/ml/reinforcement_learning/trading_env.py       88     88     0%   1-185
src/ml/reinforcement_learning/train.py             78     78     0%   1-168
src/ml/rl/__init__.py                               0      0   100%
src/ml/rl/augmented_agent.py                       64     64     0%   1-131
src/ml/scraper.py                                 118    106    10%   12-15, 19-23, 27-29, 33-155
src/ml/trainer.py                                 160    115    28%   30, 33, 37, 41, 45-49, 52-54, 57, 60-67, 71-75, 78, 81, 84-85, 90-91, 98, 101-118, 121-125, 128, 137-144, 152, 156-167, 174-227, 233-241
src/pricing/__init__.py                            15      3    80%   47, 50, 64
src/pricing/base.py                                27     10    63%   23, 28, 46, 51, 61, 65-71
src/pricing/black_scholes.py                      126    101    20%   10-22, 26, 30, 33-58, 66-67, 71-72, 76-105, 116, 131-165, 180-219, 229-237, 241-243
src/pricing/calibration/__init__.py                 0      0   100%
src/pricing/calibration/engine.py                 102     69    32%   25, 29, 33, 46-47, 51-57, 61-94, 98-139, 143-179
src/pricing/calibration/svi_surface.py             38     24    37%   17, 22-31, 36-49, 53-55
src/pricing/exotic.py                             178    132    26%   48-73, 82-137, 147-189, 196-198, 202-219, 225-258, 264-275, 279-290, 299-318, 325-363
src/pricing/factory.py                             16      4    75%   44-48
src/pricing/finite_difference.py                  147    128    13%   33-36, 40-56, 60-70, 74-76, 82-113, 117-190, 196-203, 210-304, 309-316, 320
src/pricing/implied_vol.py                         91     79    13%   26-31, 46-64, 80-121, 135-153, 170-199, 216-275
src/pricing/lattice.py                            154    124    19%   37-82, 90-134, 141-157, 168-169, 173, 189-285, 289-296, 305-306, 310, 326-422
src/pricing/main.py                                12     12     0%   1-16
src/pricing/models/__init__.py                     34      4    88%   27, 29, 31, 46
src/pricing/models/heston_fft.py                  108     80    26%   22, 25, 28, 44-47, 51-54, 62-93, 99-145, 149-172
src/pricing/monte_carlo.py                        135    111    18%   18-30, 39-40, 44-45, 52, 59-104, 111-117, 123-178, 184-194, 201-222
src/pricing/quant_utils.py                         87     71    18%   20, 28, 44-67, 75-78, 92-120, 134-187
src/pricing/quantum_backend.py                     37     37     0%   1-58
src/pricing/quantum_pricing.py                    125    125     0%   1-262
src/pricing/vectorized_black_scholes.py            18     18     0%   6-81
src/pricing/vol_surface.py                        201    201     0%   8-376
src/protos/__init__.py                              1      0   100%
src/protos/market_data_pb2.py                      42     29    31%   34-62
src/protos/market_data_pb2_grpc.py                 12     12     0%   3-18
src/scrapers/__init__.py                            0      0   100%
src/scrapers/engine.py                             48     31    35%   27-30, 33-65, 69-72, 76-83
src/security/__init__.py                            3      0   100%
src/security/audit.py                              54      2    96%   119-121
src/security/auth.py                              202     91    55%   74, 78-84, 88-90, 94-96, 110-112, 160, 209, 220, 237-252, 258-259, 276-285, 288-294, 331-370, 377-382, 390-397, 405, 416, 425-450, 474-519
src/security/breach_notification.py                36     36     0%   8-108
src/security/mfa.py                                21     21     0%   8-42
src/security/password.py                          123     53    57%   86-87, 94-95, 101-102, 108-109, 114-118, 122-123, 126-127, 133-139, 193-198, 212, 243-249, 272-299, 309
src/security/rate_limit.py                         39     32    18%   12-70
src/services/email_service.py                      52     32    38%   36-37, 48-70, 83-106
src/shared/__init__.py                              0      0   100%
src/shared/db.py                                   29      8    72%   33-35, 42, 51-52, 56, 60
src/shared/observability.py                        68     30    56%   72-80, 87-118
src/shared/security.py                             52     36    31%   14, 20-43, 51, 59-71, 77-79, 90-96, 103-105
src/streaming/__init__.py                          11     11     0%   1-36
src/streaming/analytics.py                         29     29     0%   1-75
src/streaming/consumer.py                          62     62     0%   1-122
src/streaming/health.py                            36     36     0%   4-49
src/streaming/kafka_consumer.py                    51     51     0%   1-110
src/streaming/kafka_producer.py                    27     27     0%   1-93
src/streaming/main.py                              26     26     0%   1-46
src/streaming/mesh_producer.py                     33     33     0%   1-77
src/streaming/producer.py                          30     30     0%   1-94
src/tasks/__init__.py                               2      0   100%
src/tasks/audit_tasks.py                           21     13    38%   24-46
src/tasks/celery_app.py                            94     25    73%   273, 279, 285, 291, 297, 311-313, 327-333, 342-353, 375, 408, 426, 442
src/tasks/data_tasks.py                           105    105     0%   12-377
src/tasks/email_tasks.py                           35     23    34%   35-71, 79-85
src/tasks/graceful_shutdown.py                     34     34     0%   1-54
src/tasks/ml_tasks.py                              30     30     0%   7-78
src/tasks/pricing_tasks.py                        136    136     0%   13-424
src/tasks/trading_tasks.py                         40     40     0%   7-106
src/utils/__init__.py                               0      0   100%
src/utils/cache.py                                196    144    27%   22-25, 64-86, 91-95, 99, 103-112, 119-130, 135-144, 148-160, 166-175, 185-206, 214-239, 250-257, 266-274, 277-287, 299-306, 311-315
src/utils/circuit_breaker.py                      132     83    37%   40-60, 64-80, 85-89, 106-109, 112-113, 116, 119-120, 123, 126, 129-130, 133, 136-174
src/utils/dashboard.py                             15     15     0%   1-115
src/utils/errors.py                                23     23     0%   5-46
src/utils/lazy_import.py                           84     16    81%   50-51, 72-73, 81-82, 91, 128-141, 186-187
src/utils/sanitization.py                          22      8    64%   9, 23-25, 33, 38, 41-42
src/utils/schemas_pb2.py                           17     17     0%   7-33
src/workers/__init__.py                             0      0   100%
src/workers/math_worker.py                         94     94     0%   1-183
src/workers/webhook_worker.py                      40     40     0%   1-69
-----------------------------------------------------------------------------
TOTAL                                            8205   4742    42%
Coverage HTML written to dir htmlcov
Coverage XML written to file coverage.xml
FAIL Required test coverage of 90% not reached. Total coverage: 42.21%
============================= slowest 10 durations =============================
2.20s call     tests/api/routes/test_auth_complete.py::test_register_flow
0.23s call     tests/api/routes/test_pricing_routes.py::test_calculate_price_heston_stale
0.21s call     tests/api/routes/test_auth_complete.py::test_login_flow
0.18s call     tests/api/test_graphql_federation.py::test_graphql_query
0.18s call     tests/api/routes/test_auth_complete.py::test_login_mfa
0.16s call     tests/api/test_main_api.py::test_prometheus_dir_creation
0.16s call     tests/api/middleware/test_profiling.py::test_profiling_middleware_slow_request
0.12s call     tests/api/routes/test_ml_routes.py::test_predict_success
0.12s call     tests/api/routes/test_websocket_routes.py::test_market_data_ws_exception_handling
0.07s call     tests/api/routes/test_pricing_routes.py::test_calculate_price_error_handling
============================= 127 passed in 13.48s =============================
