============================= test session starts ==============================
platform linux -- Python 3.13.11, pytest-9.0.2, pluggy-1.6.0 -- /home/kamau/bsopt/.venv/bin/python3
cachedir: .pytest_cache
benchmark: 5.2.3 (defaults: timer=time.perf_counter disable_gc=False min_rounds=5 min_time=0.000005 max_time=1.0 calibration_precision=10 warmup=False warmup_iterations=100000)
rootdir: /home/kamau/bsopt
configfile: pytest.ini (WARNING: ignoring pytest config in pyproject.toml!)
plugins: anyio-4.12.0, asyncio-1.3.0, mock-3.15.1, docker-3.2.5, Faker-40.1.2, timeout-2.4.0, benchmark-5.2.3, locust-2.43.1, xdist-3.8.0, cov-7.0.0
asyncio: mode=Mode.STRICT, debug=False, asyncio_default_fixture_loop_scope=None, asyncio_default_test_loop_scope=function
collecting ... collected 7 items

tests/aiops/test_autoencoder_detector.py::TestAutoencoderDetector::test_anomaly_detection PASSED [ 14%]
tests/aiops/test_autoencoder_detector.py::TestAutoencoderDetector::test_fit_empty_data_raises_error PASSED [ 28%]
tests/aiops/test_autoencoder_detector.py::TestAutoencoderDetector::test_fit_predict PASSED [ 42%]
tests/aiops/test_autoencoder_detector.py::TestAutoencoderDetector::test_fit_predict_convenience_method PASSED [ 57%]
tests/aiops/test_autoencoder_detector.py::TestAutoencoderDetector::test_init PASSED [ 71%]
tests/aiops/test_autoencoder_detector.py::TestAutoencoderDetector::test_predict_not_fitted_raises_error PASSED [ 85%]
tests/aiops/test_autoencoder_detector.py::TestAutoencoderDetector::test_verbose_logging PASSED [100%]/home/kamau/bsopt/.venv/lib/python3.13/site-packages/coverage/inorout.py:497: CoverageWarning: Module src/aiops/autoencoder_detector.py was never imported. (module-not-imported); see https://coverage.readthedocs.io/en/7.13.1/messages.html#warning-module-not-imported
  self.warn(f"Module {pkg} was never imported.", slug="module-not-imported")
/home/kamau/bsopt/.venv/lib/python3.13/site-packages/coverage/report_core.py:107: CoverageWarning: Couldn't parse Python file '/home/kamau/bsopt/src/tasks/pricing_tasks.py' (couldnt-parse); see https://coverage.readthedocs.io/en/7.13.1/messages.html#warning-couldnt-parse
  coverage._warn(msg, slug="couldnt-parse")
/home/kamau/bsopt/.venv/lib/python3.13/site-packages/pytest_cov/plugin.py:363: CovReportWarning: Failed to generate report: Couldn't use data file '/home/kamau/bsopt/.coverage': no such table: line_bits

  warnings.warn(CovReportWarning(message), stacklevel=1)

WARNING: Failed to generate report: Couldn't use data file '/home/kamau/bsopt/.coverage': no such table: line_bits


ERROR: Coverage failure: total of 0 is less than fail-under=90


================================ tests coverage ================================
_______________ coverage: platform linux, python 3.13.11-final-0 _______________

Name                                            Stmts   Miss  Cover   Missing
-----------------------------------------------------------------------------
src/__init__.py                                     1      0   100%
src/aiops/__init__.py                               0      0   100%
src/aiops/aiops_orchestrator.py                   109    109     0%   1-175
src/aiops/autoencoder_detector.py                  63      0   100%
src/aiops/data_drift_detector.py                   68     68     0%   1-105
src/aiops/docker_remediator.py                     26     26     0%   1-30
src/aiops/isolation_forest_detector.py             21     21     0%   1-29
src/aiops/ml_pipeline_trigger.py                   19     19     0%   1-22
src/aiops/prometheus_adapter.py                    38     38     0%   1-58
src/aiops/redis_remediator.py                      30     30     0%   1-39
src/aiops/self_healing_orchestrator.py             34     34     0%   1-59
src/aiops/timeseries_anomaly_detector.py           33     33     0%   1-65
src/api/__init__.py                                 0      0   100%
src/api/exceptions/__init__.py                      1      0   100%
src/api/exceptions/exceptions.py                   41      5    88%   11-22
src/api/graphql/schema.py                          38      8    79%   24-25, 42-43, 55-56, 71-72
src/api/main.py                                   111     40    64%   26-46, 51, 92-94, 119-138, 142, 147, 152, 157-158, 170, 181
src/api/middleware/__init__.py                      4      0   100%
src/api/middleware/idempotency.py                  76     76     0%   1-138
src/api/middleware/logging.py                     177    140    21%   88-93, 97-103, 107-113, 117-119, 124-135, 139-151, 155, 159, 162-283, 288-322, 334-335, 339, 343-350, 353-354, 357-358, 361-362, 365-366, 369-370, 373-376
src/api/middleware/profiling.py                    24     24     0%   5-46
src/api/middleware/request_id.py                   21     11    48%   37-39, 43-57, 62
src/api/middleware/security.py                    221    174    21%   64-72, 76, 89, 104-110, 114-121, 125, 128-169, 214-220, 224, 228-229, 233-245, 249-260, 264-285, 289-342, 362-367, 372-383, 388-400, 404-419, 425, 428-437, 469-472, 476-477, 481-484, 489-495, 498-517
src/api/providers/__init__.py                       1      1     0%   1
src/api/providers/market_data.py                   15     15     0%   1-21
src/api/routes/__init__.py                          7      0   100%
src/api/routes/auth.py                            213    167    22%   146-209, 237-244, 278-337, 362-379, 403-444, 470-494, 514-542, 562-587, 610-630, 654-677, 695-719, 730-734, 739, 749
src/api/routes/debug.py                            17      8    53%   22-40
src/api/routes/ml.py                               37     24    35%   34-70
src/api/routes/pricing.py                         141    107    24%   62, 93-195, 223-260, 285-305, 333-349, 374-419
src/api/routes/system.py                            6      1    83%   9
src/api/routes/users.py                            99     58    41%   56-57, 76-77, 94-110, 128-135, 152, 183-205, 217, 231-240, 250-253, 268-275
src/api/routes/websocket.py                        22     14    36%   23-47
src/api/schemas/__init__.py                         5      0   100%
src/api/schemas/auth.py                           133     45    66%   76-96, 102-104, 110-112, 187-204, 210-212, 236-238, 244-246, 279-282
src/api/schemas/common.py                          47      0   100%
src/api/schemas/ml.py                              19      0   100%
src/api/schemas/pricing.py                        105      3    97%   34-36
src/api/schemas/user.py                            43      0   100%
src/api/websockets/codec.py                        33     18    45%   16-27, 31-38
src/api/websockets/manager.py                      77     44    43%   29, 47-61, 65-76, 83-114
src/audit/__init__.py                               0      0   100%
src/audit/middleware.py                            29     20    31%   10-12, 15-55
src/auth/__init__.py                                0      0   100%
src/auth/security.py                               48     28    42%   24-30, 33-67, 76-83
src/blockchain/__init__.py                          9      9     0%   5-25
src/blockchain/defi_options.py                     38     38     0%   1-96
src/cli/__init__.py                                 0      0   100%
src/cli/auth.py                                    75     75     0%   9-117
src/cli/config.py                                  53     53     0%   8-89
src/cli/portfolio.py                              104    104     0%   8-182
src/config.py                                     151     43    72%   148, 152, 161, 169, 177, 185, 193, 202-203, 208, 213, 218, 223, 248-268, 278-291, 302-311
src/data/__init__.py                                0      0   100%
src/data/pipeline.py                               33     33     0%   1-58
src/data/router.py                                 57     57     0%   1-84
src/data/validation.py                             16     16     0%   1-23
src/database/__init__.py                          110     78    29%   37-71, 81, 87-96, 105, 122-129, 143-154, 172-175, 180-183, 198-202, 220-229, 237-240, 253-260, 267-274
src/database/crud.py                              167    167     0%   11-668
src/database/models.py                            282     31    89%   84, 118, 161-163, 166, 192, 233, 237-238, 241, 292, 296, 299-302, 305, 377, 423, 457-460, 463, 486, 529, 582, 625, 653, 692
src/database/verify.py                             40     40     0%   1-61
src/ml/__init__.py                                 17     17     0%   1-89
src/ml/autonomous_pipeline.py                      85     85     0%   1-190
src/ml/celery_app.py                               21     21     0%   1-50
src/ml/data_loader.py                              26     26     0%   1-55
src/ml/drift.py                                    55     55     0%   1-127
src/ml/forecasting/__init__.py                      0      0   100%
src/ml/forecasting/tft_model.py                    53     53     0%   1-135
src/ml/main.py                                     12     12     0%   1-16
src/ml/registry/__init__.py                         0      0   100%
src/ml/registry/promote.py                         21     21     0%   5-43
src/ml/reinforcement_learning/__init__.py           0      0   100%
src/ml/reinforcement_learning/online_agent.py     131    131     0%   1-241
src/ml/reinforcement_learning/trading_env.py       88     88     0%   1-185
src/ml/reinforcement_learning/train.py             78     78     0%   1-168
src/ml/rl/__init__.py                               0      0   100%
src/ml/rl/augmented_agent.py                       64     64     0%   1-136
src/ml/scraper.py                                 118    118     0%   1-155
src/ml/trainer.py                                 160    160     0%   1-241
src/pricing/__init__.py                            15      5    67%   47, 50, 54-60, 64
src/pricing/base.py                                27     10    63%   23, 28, 46, 51, 61, 65-71
src/pricing/black_scholes.py                      126    101    20%   10-22, 26, 30, 33-58, 66-67, 71-72, 76-105, 116, 131-165, 180-219, 229-237, 241-243
src/pricing/calibration/__init__.py                 0      0   100%
src/pricing/calibration/engine.py                 102    102     0%   1-179
src/pricing/calibration/svi_surface.py             38     38     0%   1-55
src/pricing/exotic.py                             178    136    24%   35-38, 48-73, 82-137, 147-189, 196-198, 202-219, 225-258, 264-275, 279-290, 299-318, 325-363
src/pricing/factory.py                             16      4    75%   44-48
src/pricing/finite_difference.py                  147    128    13%   33-36, 40-56, 60-70, 74-76, 82-113, 117-190, 196-203, 210-304, 309-316, 320
src/pricing/implied_vol.py                         91     79    13%   26-31, 46-64, 80-121, 135-153, 170-199, 216-275
src/pricing/lattice.py                            154    124    19%   37-82, 90-134, 141-157, 168-169, 173, 189-285, 289-296, 305-306, 310, 326-422
src/pricing/main.py                                12     12     0%   1-16
src/pricing/models/__init__.py                     34     13    62%   19-31, 46
src/pricing/models/heston_fft.py                  108     83    23%   21-28, 44-47, 51-54, 62-93, 99-145, 149-172
src/pricing/monte_carlo.py                        135    111    18%   18-30, 39-40, 44-45, 52, 59-104, 111-117, 123-178, 184-194, 201-222
src/pricing/quant_utils.py                         87     71    18%   20, 28, 44-67, 75-78, 92-120, 134-187
src/pricing/quantum_backend.py                     37     37     0%   1-58
src/pricing/quantum_pricing.py                    125    125     0%   1-262
src/pricing/vectorized_black_scholes.py            18     18     0%   6-81
src/pricing/vol_surface.py                        201    201     0%   8-376
src/protos/__init__.py                              1      1     0%   5
src/protos/market_data_pb2.py                      42     42     0%   7-62
src/protos/market_data_pb2_grpc.py                 12     12     0%   3-18
src/scrapers/__init__.py                            0      0   100%
src/scrapers/engine.py                             48     48     0%   1-83
src/security/__init__.py                            3      0   100%
src/security/audit.py                              54     23    57%   77-121
src/security/auth.py                              202    129    36%   74, 78-84, 88-90, 94-96, 110-112, 124, 128, 132, 146-162, 170-182, 191-194, 202-227, 237-252, 256-261, 271-306, 311, 319, 331-370, 377-382, 390-397, 404-409, 416, 425-450, 474-519
src/security/breach_notification.py                36     36     0%   8-108
src/security/mfa.py                                21     21     0%   8-42
src/security/password.py                          123     78    37%   80-144, 180, 193-198, 212, 227, 243-249, 272-299, 309, 319
src/security/rate_limit.py                         39     32    18%   12-70
src/services/email_service.py                      52     32    38%   36-37, 48-70, 83-106
src/shared/__init__.py                              0      0   100%
src/shared/db.py                                   29     29     0%   1-60
src/shared/observability.py                        68     43    37%   13, 27-51, 72-80, 87-118
src/shared/security.py                             52     36    31%   14, 20-43, 51, 59-71, 77-79, 90-96, 103-105
src/streaming/__init__.py                          11     11     0%   1-36
src/streaming/analytics.py                         29     29     0%   1-75
src/streaming/consumer.py                          62     62     0%   1-122
src/streaming/health.py                            70     70     0%   4-127
src/streaming/kafka_consumer.py                    55     55     0%   1-117
src/streaming/kafka_producer.py                    27     27     0%   1-93
src/streaming/main.py                              26     26     0%   1-46
src/streaming/mesh_producer.py                     69     69     0%   1-157
src/streaming/producer.py                          30     30     0%   1-94
src/tasks/__init__.py                               2      0   100%
src/tasks/audit_tasks.py                           21     21     0%   1-46
src/tasks/celery_app.py                           120     36    70%   42, 47, 51, 69-75, 81-84, 325, 331, 337, 343, 349, 363-365, 379-385, 394-405, 427, 460, 478, 494
src/tasks/data_tasks.py                           105    105     0%   12-377
src/tasks/email_tasks.py                           35     23    34%   35-71, 79-85
src/tasks/graceful_shutdown.py                     34     34     0%   1-54
src/tasks/ml_tasks.py                              30     30     0%   7-78
src/tasks/trading_tasks.py                         40     40     0%   7-106
src/utils/__init__.py                               0      0   100%
src/utils/cache.py                                199    146    27%   22-25, 64-86, 91-95, 99, 103-112, 119-130, 135-144, 148-160, 166-175, 185-206, 214-239, 248, 255-265, 274-282, 285-295, 307-314, 319-323
src/utils/circuit_breaker.py                      135     84    38%   40-60, 64-80, 85-89, 112, 116-119, 123-124, 127, 130-131, 134, 137, 140-141, 144, 147-185
src/utils/dashboard.py                             15     15     0%   1-115
src/utils/errors.py                                23     23     0%   5-46
src/utils/lazy_import.py                           88     59    33%   170-172, 177-190, 201-285, 291, 318-339
src/utils/sanitization.py                          22     17    23%   8-17, 23-25, 32-42
src/utils/schemas_pb2.py                           17     17     0%   7-33
src/workers/__init__.py                             0      0   100%
src/workers/math_worker.py                         94     94     0%   1-183
src/workers/webhook_worker.py                      40     40     0%   1-69
-----------------------------------------------------------------------------
TOTAL                                            8149   6205    24%
FAIL Required test coverage of 90% not reached. Total coverage: 0.00%
============================= slowest 10 durations =============================
1.85s setup    tests/aiops/test_autoencoder_detector.py::TestAutoencoderDetector::test_anomaly_detection
1.37s call     tests/aiops/test_autoencoder_detector.py::TestAutoencoderDetector::test_anomaly_detection
0.03s call     tests/aiops/test_autoencoder_detector.py::TestAutoencoderDetector::test_fit_predict
0.01s call     tests/aiops/test_autoencoder_detector.py::TestAutoencoderDetector::test_fit_predict_convenience_method
0.01s call     tests/aiops/test_autoencoder_detector.py::TestAutoencoderDetector::test_verbose_logging

(5 durations < 0.005s hidden.  Use -vv to show these durations.)
============================== 7 passed in 9.16s ===============================
