[2026-01-16 10:23:29] [INFO] Validating system dependencies...
[2026-01-16 10:23:30] [INFO] Found docker compose plugin
[2026-01-16 10:23:30] [ERROR] Docker daemon is not responding
[2026-01-16 10:23:30] [ERROR] Deployment failed! Starting cleanup...
[2026-01-16 10:23:30] [WARNING] Previous deployment state found. Run './deploy.sh rollback' to restore.
[2026-01-16 10:23:30] [ERROR] Another deployment is already running (PID: 5084)
[2026-01-16 10:23:30] [ERROR] Deployment failed! Starting cleanup...
[2026-01-16 10:23:30] [WARNING] Previous deployment state found. Run './deploy.sh rollback' to restore.
[2026-01-16 10:24:59] [INFO] Checking for environment secrets...
[2026-01-16 10:24:59] [WARNING] .env file missing, generating from .env.example...
[2026-01-16 10:24:59] [INFO] Generated secure value for POSTGRES_PASSWORD
[2026-01-16 10:24:59] [INFO] Generated secure value for REDIS_PASSWORD
[2026-01-16 10:25:00] [INFO] Generated secure value for FLASK_SECRET_KEY
[2026-01-16 10:25:00] [INFO] Generated secure value for GRAFANA_ADMIN_PASSWORD
[2026-01-16 10:25:00] [INFO] Generated secure value for KAFKA_PASSWORD
[2026-01-16 10:25:00] [INFO] Validating environment configuration...
[2026-01-16 10:25:00] [SUCCESS] Environment validated
[2026-01-16 10:26:09] [INFO] Checking for environment secrets...
[2026-01-16 10:26:09] [INFO] Generated secure value for POSTGRES_PASSWORD
[2026-01-16 10:26:09] [INFO] Generated secure value for REDIS_PASSWORD
[2026-01-16 10:26:09] [INFO] Generated secure value for FLASK_SECRET_KEY
[2026-01-16 10:26:09] [INFO] Generated secure value for GRAFANA_ADMIN_PASSWORD
[2026-01-16 10:26:09] [INFO] Generated secure value for KAFKA_PASSWORD
[2026-01-16 10:26:09] [INFO] Validating environment configuration...
[2026-01-16 10:26:09] [SUCCESS] Environment validated
[2026-01-16 10:26:09] [ERROR] Unknown command: optimize-kernel
[2026-01-16 10:26:09] [INFO] Checking for environment secrets...
[2026-01-16 10:26:09] [INFO] Validating environment configuration...
[2026-01-16 10:26:09] [SUCCESS] Environment validated
[2026-01-16 10:26:09] [ERROR] Unknown command: scaffold-configs
[2026-01-16 10:26:09] [ERROR] Unknown command: deploy-stack
[2026-01-16 10:26:09] [ERROR] Unknown command: down
[2026-01-16 10:26:10] [ERROR] Unknown command: verify-deployment
[2026-01-16 10:26:10] [ERROR] Unknown command: verify-deployment
[2026-01-16 10:26:14] [INFO] Applying kernel optimizations for high-concurrency workloads...
[2026-01-16 10:26:36] [INFO] Setting fs.file-max to 2097152
[2026-01-16 10:26:36] [INFO] Setting net.core.somaxconn to 65535
[2026-01-16 10:26:36] [INFO] Setting net.ipv4.tcp_max_syn_backlog to 65535
[2026-01-16 10:26:36] [INFO] Setting net.ipv4.ip_local_port_range to 1024 65535
[2026-01-16 10:26:36] [INFO] Setting net.ipv4.tcp_tw_reuse to 1
[2026-01-16 10:26:36] [INFO] Setting net.ipv4.tcp_fin_timeout to 15
[2026-01-16 10:26:36] [SUCCESS] Kernel optimizations applied
[2026-01-16 10:27:07] [INFO] Checking for environment secrets...
[2026-01-16 10:27:07] [WARNING] .env file missing, generating from .env.example...
[2026-01-16 10:27:07] [INFO] Generated secure value for POSTGRES_PASSWORD
[2026-01-16 10:27:07] [INFO] Generated secure value for REDIS_PASSWORD
[2026-01-16 10:27:07] [INFO] Generated secure value for FLASK_SECRET_KEY
[2026-01-16 10:27:07] [INFO] Generated secure value for GRAFANA_ADMIN_PASSWORD
[2026-01-16 10:27:07] [INFO] Generated secure value for KAFKA_PASSWORD
[2026-01-16 10:27:08] [INFO] Validating environment configuration...
[2026-01-16 10:27:08] [SUCCESS] Environment validated
[2026-01-16 10:27:08] [INFO] Applying kernel optimizations for high-concurrency workloads...
[2026-01-16 10:27:18] [INFO] Setting fs.file-max to 2097152
[2026-01-16 10:27:18] [INFO] Setting net.core.somaxconn to 65535
[2026-01-16 10:27:18] [INFO] Setting net.ipv4.tcp_max_syn_backlog to 65535
[2026-01-16 10:27:18] [INFO] Setting net.ipv4.ip_local_port_range to 1024 65535
[2026-01-16 10:27:18] [INFO] Setting net.ipv4.tcp_tw_reuse to 1
[2026-01-16 10:27:18] [INFO] Setting net.ipv4.tcp_fin_timeout to 15
[2026-01-16 10:27:18] [SUCCESS] Kernel optimizations applied
[2026-01-16 10:28:36] [INFO] Deploying core infrastructure: postgres redis zookeeper kafka-1 rabbitmq
[2026-01-16 10:30:17] [INFO] Deploying application services: pgbouncer auth-service api worker-math worker-pricing
[2026-01-16 10:30:18] [INFO] Deploying observability stack: prometheus grafana loki promtail
[2026-01-16 10:31:00] [INFO] Deploying core infrastructure: postgres redis zookeeper kafka-1 rabbitmq
[2026-01-16 10:31:00] [INFO] Deploying application services: pgbouncer auth-service api worker-math worker-pricing
[2026-01-16 10:31:00] [INFO] Deploying observability stack: prometheus grafana loki promtail
[2026-01-16 10:32:34] [INFO] Creating pre-deployment backup...
[2026-01-16 10:32:34] [SUCCESS] Backup created: /home/kamau/bsopt/backups/backup_20260116_103234.tar.gz
[2026-01-16 10:32:34] [WARNING] Initiating rollback to last known good state...
[2026-01-16 10:32:34] [INFO] Restoring configuration from /home/kamau/bsopt/backups/backup_20260116_103234.tar.gz
[2026-01-16 10:32:34] [WARNING] Restarting services with restored configuration...
[2026-01-16 10:33:51] [INFO] Running automated smoke tests...
[2026-01-16 10:33:51] [INFO] Checking http://localhost:8000/health...
[2026-01-16 10:33:51] [WARNING] Smoke test failed for http://localhost:8000/health
[2026-01-16 10:33:51] [INFO] Checking http://localhost:3000...
[2026-01-16 10:33:51] [WARNING] Smoke test failed for http://localhost:3000
[2026-01-16 10:33:51] [INFO] Verifying database connectivity from app...
[2026-01-16 10:33:51] [WARNING] Database connectivity check failed
[2026-01-16 10:34:09] [INFO] Running automated smoke tests...
[2026-01-16 10:34:09] [INFO] Checking http://localhost:8000/health...
[2026-01-16 10:34:09] [WARNING] Smoke test failed for http://localhost:8000/health
[2026-01-16 10:34:09] [INFO] Checking http://localhost:3000...
[2026-01-16 10:34:09] [WARNING] Smoke test failed for http://localhost:3000
[2026-01-16 10:34:09] [INFO] Verifying database connectivity from app...
[2026-01-16 10:34:09] [WARNING] Database connectivity check failed
[2026-01-16 10:35:16] [INFO] Creating pre-deployment backup...
[2026-01-16 10:35:16] [SUCCESS] Backup created: /home/kamau/bsopt/backups/backup_20260116_103516.tar.gz
[2026-01-16 10:35:16] [INFO] Creating pre-deployment backup...
[2026-01-16 10:35:16] [SUCCESS] Backup created: /home/kamau/bsopt/backups/backup_20260116_103516.tar.gz
[2026-01-16 10:35:16] [INFO] Validating system dependencies...
[2026-01-16 10:35:16] [ERROR] Missing dependencies: docker-compose
[2026-01-16 10:35:16] [ERROR] Deployment failed! Starting cleanup...
[2026-01-16 10:35:16] [WARNING] Initiating rollback to last known good state...
[2026-01-16 10:35:16] [INFO] Restoring configuration from /home/kamau/bsopt/backups/backup_20260116_103516.tar.gz
[2026-01-16 10:35:16] [WARNING] Restarting services with restored configuration...
[2026-01-16 10:36:00] [INFO] Creating pre-deployment backup...
[2026-01-16 10:36:00] [SUCCESS] Backup created: /home/kamau/bsopt/backups/backup_20260116_103600.tar.gz
[2026-01-16 10:36:00] [WARNING] Initiating rollback to last known good state...
[2026-01-16 10:36:00] [INFO] Restoring configuration from /home/kamau/bsopt/backups/backup_20260116_103600.tar.gz
[2026-01-16 10:36:00] [WARNING] Restarting services with restored configuration...
[2026-01-16 10:36:00] [INFO] Running automated smoke tests...
[2026-01-16 10:36:01] [INFO] Checking http://localhost:8000/health...
[2026-01-16 10:36:01] [WARNING] Smoke test failed for http://localhost:8000/health
[2026-01-16 10:36:01] [INFO] Checking http://localhost:3000...
[2026-01-16 10:36:01] [WARNING] Smoke test failed for http://localhost:3000
[2026-01-16 10:36:01] [INFO] Verifying database connectivity from app...
[2026-01-16 10:36:01] [WARNING] Database connectivity check failed
[2026-01-16 10:36:01] [INFO] Creating pre-deployment backup...
[2026-01-16 10:36:01] [SUCCESS] Backup created: /home/kamau/bsopt/backups/backup_20260116_103601.tar.gz
[2026-01-16 10:36:02] [INFO] Creating pre-deployment backup...
[2026-01-16 10:36:02] [SUCCESS] Backup created: /home/kamau/bsopt/backups/backup_20260116_103602.tar.gz
[2026-01-16 10:36:02] [INFO] Validating system dependencies...
[2026-01-16 10:36:02] [ERROR] Missing dependencies: docker-compose
[2026-01-16 10:36:02] [ERROR] Deployment failed! Starting cleanup...
[2026-01-16 10:36:02] [WARNING] Initiating rollback to last known good state...
[2026-01-16 10:36:02] [INFO] Restoring configuration from /home/kamau/bsopt/backups/backup_20260116_103602.tar.gz
[2026-01-16 10:36:02] [WARNING] Restarting services with restored configuration...
[2026-01-16 13:05:39] [ERROR] Unknown command: setup-env
[2026-01-16 13:05:39] [ERROR] Unknown command: optimize-kernel
[2026-01-16 13:05:39] [ERROR] Unknown command: setup-env
[2026-01-16 13:05:39] [ERROR] Unknown command: scaffold-configs
[2026-01-16 13:05:39] [ERROR] Unknown command: deploy-stack
[2026-01-16 13:05:39] [ERROR] Unknown command: down
[2026-01-16 13:05:39] [ERROR] Unknown command: verify-deployment
[2026-01-16 13:05:39] [ERROR] Unknown command: verify-deployment
[2026-01-16 13:20:21] [ERROR] Unknown command: setup-env
[2026-01-16 13:20:21] [ERROR] Unknown command: optimize-kernel
[2026-01-16 13:20:21] [ERROR] Unknown command: setup-env
[2026-01-16 13:20:21] [ERROR] Unknown command: scaffold-configs
[2026-01-16 13:20:21] [ERROR] Unknown command: deploy-stack
[2026-01-16 13:20:21] [ERROR] Unknown command: down
[2026-01-16 13:20:22] [ERROR] Unknown command: verify-deployment
[2026-01-16 13:20:22] [ERROR] Unknown command: verify-deployment
[2026-01-16 13:32:57] [ERROR] Unknown command: setup-env
[2026-01-16 13:32:57] [ERROR] Unknown command: optimize-kernel
[2026-01-16 13:32:57] [ERROR] Unknown command: setup-env
[2026-01-16 13:32:57] [ERROR] Unknown command: scaffold-configs
[2026-01-16 13:32:57] [ERROR] Unknown command: deploy-stack
[2026-01-16 13:32:57] [ERROR] Unknown command: down
[2026-01-16 13:32:57] [ERROR] Unknown command: verify-deployment
[2026-01-16 13:32:57] [ERROR] Unknown command: verify-deployment
[2026-01-17 07:10:01] [ERROR] Unknown command: setup-env
[2026-01-17 07:10:01] [ERROR] Unknown command: optimize-kernel
[2026-01-17 07:10:01] [ERROR] Unknown command: setup-env
[2026-01-17 07:10:01] [ERROR] Unknown command: scaffold-configs
[2026-01-17 07:10:01] [ERROR] Unknown command: deploy-stack
[2026-01-17 07:10:01] [ERROR] Unknown command: down
[2026-01-17 07:10:01] [ERROR] Unknown command: verify-deployment
[2026-01-17 07:10:01] [ERROR] Unknown command: verify-deployment
[2026-01-17 07:28:18] [ERROR] Unknown command: setup-env
[2026-01-17 07:28:18] [ERROR] Unknown command: optimize-kernel
[2026-01-17 07:28:18] [ERROR] Unknown command: setup-env
[2026-01-17 07:28:18] [ERROR] Unknown command: scaffold-configs
[2026-01-17 07:28:18] [ERROR] Unknown command: deploy-stack
[2026-01-17 07:28:18] [ERROR] Unknown command: down
[2026-01-17 07:28:18] [ERROR] Unknown command: verify-deployment
[2026-01-17 07:28:18] [ERROR] Unknown command: verify-deployment
[2026-01-17 07:51:14] [ERROR] Unknown command: setup-env
[2026-01-17 07:51:14] [ERROR] Unknown command: optimize-kernel
[2026-01-17 07:51:14] [ERROR] Unknown command: setup-env
[2026-01-17 07:51:14] [ERROR] Unknown command: scaffold-configs
[2026-01-17 07:51:14] [ERROR] Unknown command: deploy-stack
[2026-01-17 07:51:14] [ERROR] Unknown command: down
[2026-01-17 07:51:14] [ERROR] Unknown command: verify-deployment
[2026-01-17 07:51:14] [ERROR] Unknown command: verify-deployment
[2026-01-17 12:47:25] [ERROR] Unknown command: setup-env
[2026-01-17 12:47:25] [ERROR] Unknown command: optimize-kernel
[2026-01-17 12:47:25] [ERROR] Unknown command: setup-env
[2026-01-17 12:47:25] [ERROR] Unknown command: scaffold-configs
[2026-01-17 12:47:25] [ERROR] Unknown command: deploy-stack
[2026-01-17 12:47:25] [ERROR] Unknown command: down
[2026-01-17 12:47:25] [ERROR] Unknown command: verify-deployment
[2026-01-17 12:47:25] [ERROR] Unknown command: verify-deployment
[2026-01-17 13:18:20] [ERROR] Unknown command: setup-env
[2026-01-17 13:18:20] [ERROR] Unknown command: optimize-kernel
[2026-01-17 13:18:21] [ERROR] Unknown command: setup-env
[2026-01-17 13:18:21] [ERROR] Unknown command: scaffold-configs
[2026-01-17 13:18:21] [ERROR] Unknown command: deploy-stack
[2026-01-17 13:18:21] [ERROR] Unknown command: down
[2026-01-17 13:18:21] [ERROR] Unknown command: verify-deployment
[2026-01-17 13:18:21] [ERROR] Unknown command: verify-deployment
[2026-01-17 13:40:05] [ERROR] Unknown command: setup-env
[2026-01-17 13:40:05] [ERROR] Unknown command: optimize-kernel
[2026-01-17 13:40:05] [ERROR] Unknown command: setup-env
[2026-01-17 13:40:05] [ERROR] Unknown command: scaffold-configs
[2026-01-17 13:40:05] [ERROR] Unknown command: deploy-stack
[2026-01-17 13:40:05] [ERROR] Unknown command: down
[2026-01-17 13:40:05] [ERROR] Unknown command: verify-deployment
[2026-01-17 13:40:05] [ERROR] Unknown command: verify-deployment
[2026-01-17 14:03:37] [ERROR] Unknown command: setup-env
[2026-01-17 14:03:37] [ERROR] Unknown command: optimize-kernel
[2026-01-17 14:03:37] [ERROR] Unknown command: setup-env
[2026-01-17 14:03:37] [ERROR] Unknown command: scaffold-configs
[2026-01-17 14:03:37] [ERROR] Unknown command: deploy-stack
[2026-01-17 14:03:37] [ERROR] Unknown command: down
[2026-01-17 14:03:37] [ERROR] Unknown command: verify-deployment
[2026-01-17 14:03:37] [ERROR] Unknown command: verify-deployment
[2026-01-17 14:05:03] [ERROR] Unknown command: setup-env
[2026-01-17 14:05:03] [ERROR] Unknown command: optimize-kernel
[2026-01-17 14:05:03] [ERROR] Unknown command: setup-env
[2026-01-17 14:05:03] [ERROR] Unknown command: scaffold-configs
[2026-01-17 14:05:03] [ERROR] Unknown command: deploy-stack
[2026-01-17 14:05:03] [ERROR] Unknown command: down
[2026-01-17 14:05:03] [ERROR] Unknown command: verify-deployment
[2026-01-17 14:05:03] [ERROR] Unknown command: verify-deployment
[2026-01-17 14:32:57] [ERROR] Unknown command: setup-env
[2026-01-17 14:32:57] [ERROR] Unknown command: optimize-kernel
[2026-01-17 14:32:57] [ERROR] Unknown command: setup-env
[2026-01-17 14:32:57] [ERROR] Unknown command: scaffold-configs
[2026-01-17 14:32:58] [ERROR] Unknown command: deploy-stack
[2026-01-17 14:32:58] [ERROR] Unknown command: down
[2026-01-17 14:32:58] [ERROR] Unknown command: verify-deployment
[2026-01-17 14:32:58] [ERROR] Unknown command: verify-deployment
[2026-01-17 14:34:19] [ERROR] Unknown command: setup-env
[2026-01-17 14:34:19] [ERROR] Unknown command: optimize-kernel
[2026-01-17 14:34:19] [ERROR] Unknown command: setup-env
[2026-01-17 14:34:19] [ERROR] Unknown command: scaffold-configs
[2026-01-17 14:34:19] [ERROR] Unknown command: deploy-stack
[2026-01-17 14:34:19] [ERROR] Unknown command: down
[2026-01-17 14:34:19] [ERROR] Unknown command: verify-deployment
[2026-01-17 14:34:19] [ERROR] Unknown command: verify-deployment
[2026-01-17 14:47:57] [ERROR] Unknown command: setup-env
[2026-01-17 14:47:57] [ERROR] Unknown command: optimize-kernel
[2026-01-17 14:47:57] [ERROR] Unknown command: setup-env
[2026-01-17 14:47:57] [ERROR] Unknown command: scaffold-configs
[2026-01-17 14:47:57] [ERROR] Unknown command: deploy-stack
[2026-01-17 14:47:57] [ERROR] Unknown command: down
[2026-01-17 14:47:57] [ERROR] Unknown command: verify-deployment
[2026-01-17 14:47:58] [ERROR] Unknown command: verify-deployment
[2026-01-17 14:52:15] [ERROR] Unknown command: setup-env
[2026-01-17 14:52:15] [ERROR] Unknown command: optimize-kernel
[2026-01-17 14:52:15] [ERROR] Unknown command: setup-env
[2026-01-17 14:52:15] [ERROR] Unknown command: scaffold-configs
[2026-01-17 14:52:15] [ERROR] Unknown command: deploy-stack
[2026-01-17 14:52:15] [ERROR] Unknown command: down
[2026-01-17 14:52:15] [ERROR] Unknown command: verify-deployment
[2026-01-17 14:52:15] [ERROR] Unknown command: verify-deployment
[2026-01-17 15:05:55] [ERROR] Unknown command: setup-env
[2026-01-17 15:05:55] [ERROR] Unknown command: optimize-kernel
[2026-01-17 15:05:55] [ERROR] Unknown command: setup-env
[2026-01-17 15:05:55] [ERROR] Unknown command: scaffold-configs
[2026-01-17 15:05:55] [ERROR] Unknown command: deploy-stack
[2026-01-17 15:05:55] [ERROR] Unknown command: down
[2026-01-17 15:05:55] [ERROR] Unknown command: verify-deployment
[2026-01-17 15:05:56] [ERROR] Unknown command: verify-deployment
[2026-01-17 15:12:30] [ERROR] Unknown command: setup-env
[2026-01-17 15:12:31] [ERROR] Unknown command: optimize-kernel
[2026-01-17 15:12:31] [ERROR] Unknown command: setup-env
[2026-01-17 15:12:31] [ERROR] Unknown command: scaffold-configs
[2026-01-17 15:12:31] [ERROR] Unknown command: deploy-stack
[2026-01-17 15:12:31] [ERROR] Unknown command: down
[2026-01-17 15:12:31] [ERROR] Unknown command: verify-deployment
[2026-01-17 15:12:31] [ERROR] Unknown command: verify-deployment
[2026-01-17 15:26:03] [ERROR] Unknown command: setup-env
[2026-01-17 15:26:03] [ERROR] Unknown command: optimize-kernel
[2026-01-17 15:26:03] [ERROR] Unknown command: setup-env
[2026-01-17 15:26:03] [ERROR] Unknown command: scaffold-configs
[2026-01-17 15:26:04] [ERROR] Unknown command: deploy-stack
[2026-01-17 15:26:04] [ERROR] Unknown command: down
[2026-01-17 15:26:04] [ERROR] Unknown command: verify-deployment
[2026-01-17 15:26:04] [ERROR] Unknown command: verify-deployment
[2026-01-17 15:26:35] [ERROR] Unknown command: setup-env
[2026-01-17 15:26:35] [ERROR] Unknown command: optimize-kernel
[2026-01-17 15:26:35] [ERROR] Unknown command: setup-env
[2026-01-17 15:26:35] [ERROR] Unknown command: scaffold-configs
[2026-01-17 15:26:35] [ERROR] Unknown command: deploy-stack
[2026-01-17 15:26:35] [ERROR] Unknown command: down
[2026-01-17 15:26:35] [ERROR] Unknown command: verify-deployment
[2026-01-17 15:26:35] [ERROR] Unknown command: verify-deployment
[2026-01-17 15:47:13] [INFO] Applying kernel optimizations for high-concurrency workloads...
[2026-01-17 15:47:24] [INFO] Setting fs.file-max to 2097152
[2026-01-17 15:47:24] [INFO] Setting net.core.somaxconn to 65535
[2026-01-17 15:47:24] [INFO] Setting net.ipv4.tcp_max_syn_backlog to 65535
[2026-01-17 15:47:24] [INFO] Setting net.ipv4.ip_local_port_range to 1024 65535
[2026-01-17 15:47:24] [INFO] Setting net.ipv4.tcp_tw_reuse to 1
[2026-01-17 15:47:24] [INFO] Setting net.ipv4.tcp_fin_timeout to 15
[2026-01-17 15:47:24] [SUCCESS] Kernel optimizations applied
[2026-01-17 15:50:14] [INFO] Checking for environment secrets...
[2026-01-17 15:50:14] [INFO] Applying kernel optimizations for high-concurrency workloads...
[2026-01-17 15:50:14] [INFO] Setting fs.file-max to 2097152
[2026-01-17 15:50:14] [INFO] Setting net.core.somaxconn to 65535
[2026-01-17 15:50:14] [INFO] Setting net.ipv4.tcp_max_syn_backlog to 65535
[2026-01-17 15:50:14] [INFO] Setting net.ipv4.ip_local_port_range to 1024 65535
[2026-01-17 15:50:14] [INFO] Setting net.ipv4.tcp_tw_reuse to 1
[2026-01-17 15:50:14] [INFO] Setting net.ipv4.tcp_fin_timeout to 15
[2026-01-17 15:50:14] [SUCCESS] Kernel optimizations applied
[2026-01-17 15:50:14] [INFO] Checking for environment secrets...
[2026-01-17 15:50:15] [INFO] Running Health Checks...
[2026-01-17 15:50:15] [INFO] Running automated smoke tests...
[2026-01-17 15:50:15] [INFO] Checking http://localhost:8000/health...
[2026-01-17 15:50:15] [WARNING] Smoke test failed for http://localhost:8000/health
[2026-01-17 15:50:15] [INFO] Checking http://localhost:3000...
[2026-01-17 15:50:15] [WARNING] Smoke test failed for http://localhost:3000
[2026-01-17 15:50:15] [INFO] Verifying database connectivity from app...
[2026-01-17 15:50:16] [WARNING] Database connectivity check failed
[2026-01-17 15:50:16] [INFO] Auditing database extensions...
[2026-01-17 15:50:16] [INFO] Database audit complete.
[2026-01-17 15:50:16] [SUCCESS] API is healthy
[2026-01-17 15:50:16] [INFO] Running Health Checks...
[2026-01-17 15:50:16] [INFO] Running automated smoke tests...
[2026-01-17 15:50:16] [INFO] Checking http://localhost:8000/health...
[2026-01-17 15:50:16] [WARNING] Smoke test failed for http://localhost:8000/health
[2026-01-17 15:50:16] [INFO] Checking http://localhost:3000...
[2026-01-17 15:50:16] [WARNING] Smoke test failed for http://localhost:3000
[2026-01-17 15:50:16] [INFO] Verifying database connectivity from app...
[2026-01-17 15:50:16] [WARNING] Database connectivity check failed
[2026-01-17 15:50:16] [INFO] Auditing database extensions...
[2026-01-17 15:50:16] [INFO] Database audit complete.
[2026-01-17 15:50:16] [SUCCESS] API is healthy
[2026-01-17 16:05:35] [INFO] Checking for environment secrets...
[2026-01-17 16:05:35] [INFO] Applying kernel optimizations for high-concurrency workloads...
[2026-01-17 16:05:35] [INFO] Setting fs.file-max to 2097152
[2026-01-17 16:05:35] [INFO] Setting net.core.somaxconn to 65535
[2026-01-17 16:05:35] [INFO] Setting net.ipv4.tcp_max_syn_backlog to 65535
[2026-01-17 16:05:35] [INFO] Setting net.ipv4.ip_local_port_range to 1024 65535
[2026-01-17 16:05:35] [INFO] Setting net.ipv4.tcp_tw_reuse to 1
[2026-01-17 16:05:35] [INFO] Setting net.ipv4.tcp_fin_timeout to 15
[2026-01-17 16:05:35] [SUCCESS] Kernel optimizations applied
[2026-01-17 16:05:35] [INFO] Checking for environment secrets...
[2026-01-17 16:05:36] [INFO] Running Health Checks...
[2026-01-17 16:05:36] [INFO] Running automated smoke tests...
[2026-01-17 16:05:36] [INFO] Checking http://localhost:8000/health...
[2026-01-17 16:05:36] [WARNING] Smoke test failed for http://localhost:8000/health
[2026-01-17 16:05:36] [INFO] Checking http://localhost:3000...
[2026-01-17 16:05:36] [WARNING] Smoke test failed for http://localhost:3000
[2026-01-17 16:05:36] [INFO] Verifying database connectivity from app...
[2026-01-17 16:05:36] [WARNING] Database connectivity check failed
[2026-01-17 16:05:36] [INFO] Auditing database extensions...
[2026-01-17 16:05:36] [INFO] Database audit complete.
[2026-01-17 16:05:36] [SUCCESS] API is healthy
[2026-01-17 16:05:36] [INFO] Running Health Checks...
[2026-01-17 16:05:36] [INFO] Running automated smoke tests...
[2026-01-17 16:05:36] [INFO] Checking http://localhost:8000/health...
[2026-01-17 16:05:36] [WARNING] Smoke test failed for http://localhost:8000/health
[2026-01-17 16:05:36] [INFO] Checking http://localhost:3000...
[2026-01-17 16:05:36] [WARNING] Smoke test failed for http://localhost:3000
[2026-01-17 16:05:36] [INFO] Verifying database connectivity from app...
[2026-01-17 16:05:36] [WARNING] Database connectivity check failed
[2026-01-17 16:05:36] [INFO] Auditing database extensions...
[2026-01-17 16:05:36] [INFO] Database audit complete.
[2026-01-17 16:05:36] [SUCCESS] API is healthy
[2026-01-20 13:11:34] [INFO] Checking for environment secrets...
[2026-01-20 13:11:34] [WARNING] .env file missing, generating from .env.example...
[2026-01-20 13:11:34] [INFO] Generated secure value for POSTGRES_PASSWORD
[2026-01-20 13:11:34] [INFO] Generated secure value for REDIS_PASSWORD
[2026-01-20 13:11:34] [INFO] Generated secure value for JWT_SECRET
[2026-01-20 13:11:34] [INFO] Generated secure value for FLASK_SECRET_KEY
[2026-01-20 13:11:34] [INFO] Generated secure value for GRAFANA_ADMIN_PASSWORD
[2026-01-20 13:11:34] [INFO] Generated secure value for KAFKA_PASSWORD
[2026-01-20 13:11:34] [INFO] Applying kernel optimizations for high-concurrency workloads...
[2026-01-20 13:11:34] [INFO] Setting fs.file-max to 2097152
[2026-01-20 13:11:34] [INFO] Setting net.core.somaxconn to 65535
[2026-01-20 13:11:34] [INFO] Setting net.ipv4.tcp_max_syn_backlog to 65535
[2026-01-20 13:11:34] [INFO] Setting net.ipv4.ip_local_port_range to 1024 65535
[2026-01-20 13:11:34] [INFO] Setting net.ipv4.tcp_tw_reuse to 1
[2026-01-20 13:11:34] [INFO] Setting net.ipv4.tcp_fin_timeout to 15
[2026-01-20 13:11:34] [SUCCESS] Kernel optimizations applied
[2026-01-20 13:11:34] [INFO] Checking for environment secrets...
[2026-01-20 13:11:36] [INFO] Running Health Checks...
[2026-01-20 13:11:36] [INFO] Running automated smoke tests...
[2026-01-20 13:11:36] [INFO] Checking http://localhost:8000/health...
[2026-01-20 13:11:36] [WARNING] Smoke test failed for http://localhost:8000/health
[2026-01-20 13:11:36] [INFO] Checking http://localhost:3000...
[2026-01-20 13:11:36] [WARNING] Smoke test failed for http://localhost:3000
[2026-01-20 13:11:36] [INFO] Verifying database connectivity from app...
[2026-01-20 13:11:37] [WARNING] Database connectivity check failed
[2026-01-20 13:11:37] [INFO] Auditing database extensions...
[2026-01-20 13:11:37] [INFO] Database audit complete.
[2026-01-20 13:11:37] [SUCCESS] API is healthy
[2026-01-20 13:11:37] [INFO] Running Health Checks...
[2026-01-20 13:11:37] [INFO] Running automated smoke tests...
[2026-01-20 13:11:37] [INFO] Checking http://localhost:8000/health...
[2026-01-20 13:11:37] [WARNING] Smoke test failed for http://localhost:8000/health
[2026-01-20 13:11:37] [INFO] Checking http://localhost:3000...
[2026-01-20 13:11:37] [WARNING] Smoke test failed for http://localhost:3000
[2026-01-20 13:11:37] [INFO] Verifying database connectivity from app...
[2026-01-20 13:11:38] [WARNING] Database connectivity check failed
[2026-01-20 13:11:38] [INFO] Auditing database extensions...
[2026-01-20 13:11:38] [INFO] Database audit complete.
[2026-01-20 13:11:38] [SUCCESS] API is healthy
[2026-01-20 13:31:41] [INFO] Checking for environment secrets...
[2026-01-20 13:31:41] [INFO] Applying kernel optimizations for high-concurrency workloads...
[2026-01-20 13:31:41] [INFO] Setting fs.file-max to 2097152
[2026-01-20 13:31:41] [INFO] Setting net.core.somaxconn to 65535
[2026-01-20 13:31:41] [INFO] Setting net.ipv4.tcp_max_syn_backlog to 65535
[2026-01-20 13:31:41] [INFO] Setting net.ipv4.ip_local_port_range to 1024 65535
[2026-01-20 13:31:41] [INFO] Setting net.ipv4.tcp_tw_reuse to 1
[2026-01-20 13:31:41] [INFO] Setting net.ipv4.tcp_fin_timeout to 15
[2026-01-20 13:31:41] [SUCCESS] Kernel optimizations applied
[2026-01-20 13:31:41] [INFO] Checking for environment secrets...
[2026-01-20 13:31:43] [INFO] Running Health Checks...
[2026-01-20 13:31:43] [INFO] Running automated smoke tests...
[2026-01-20 13:31:43] [INFO] Checking http://localhost:8000/health...
[2026-01-20 13:31:43] [WARNING] Smoke test failed for http://localhost:8000/health
[2026-01-20 13:31:43] [INFO] Checking http://localhost:3000...
[2026-01-20 13:31:43] [WARNING] Smoke test failed for http://localhost:3000
[2026-01-20 13:31:43] [INFO] Verifying database connectivity from app...
[2026-01-20 13:31:44] [WARNING] Database connectivity check failed
[2026-01-20 13:31:44] [INFO] Auditing database extensions...
[2026-01-20 13:31:44] [INFO] Database audit complete.
[2026-01-20 13:31:44] [SUCCESS] API is healthy
[2026-01-20 13:31:44] [INFO] Running Health Checks...
[2026-01-20 13:31:44] [INFO] Running automated smoke tests...
[2026-01-20 13:31:44] [INFO] Checking http://localhost:8000/health...
[2026-01-20 13:31:44] [WARNING] Smoke test failed for http://localhost:8000/health
[2026-01-20 13:31:44] [INFO] Checking http://localhost:3000...
[2026-01-20 13:31:44] [WARNING] Smoke test failed for http://localhost:3000
[2026-01-20 13:31:44] [INFO] Verifying database connectivity from app...
[2026-01-20 13:31:45] [WARNING] Database connectivity check failed
[2026-01-20 13:31:45] [INFO] Auditing database extensions...
[2026-01-20 13:31:45] [INFO] Database audit complete.
[2026-01-20 13:31:45] [SUCCESS] API is healthy
